(128, 64, 128)     - 'road'                     - 0.3215191428487277
(70, 70, 70)       - 'building'                 - 0.16931354687873518
(180, 130, 70)     - 'sky'                      - 0.13652687513867484
(232, 35, 244)     - 'sidewalk'                 - 0.08374657046653439
(0, 0, 0)          - 'unlabeled'                - 0.07938154591035282
(35, 142, 107)     - 'vegetation'               - 0.0751681507220292
(142, 0, 0)        - 'car'                      - 0.025465338440762618
(152, 251, 152)    - 'terrain'                  - 0.020420402719133743
(156, 102, 102)    - 'wall'                     - 0.01830169146084464
(0, 74, 111)       - 'dynamic'      **          - 0.017052185958826162
(70, 0, 0)         - 'truck'                    - 0.012004842302352221
(153, 153, 153)    - 'polegroup'    **          - 0.010523853930535492
(100, 100, 150)    - 'bridge'       **          - 0.008290651722829744
(153, 153, 190)    - 'fence'                    - 0.006177791836249105
(60, 20, 220)      - 'person'                   - 0.0036909182443827914
(100, 60, 0)       - 'bus'                      - 0.00360455521521489
(81, 0, 81)        - 'ground'       **          - 0.0027889041507607516
(20, 20, 20)       - 'static'       **          - 0.0016825634303498946
(30, 170, 250)     - 'traffic light'            - 0.0013540632950341603
(0, 220, 220)      - 'traffic sign'             - 0.0008573018347492742
(90, 120, 150)     - 'tunnel'       **          - 0.0006005538561464518
(100, 80, 0)       - 'train'                    - 0.000549278449228592
(180, 165, 180)    - 'guard rail'   **          - 0.00029597960970296897
(0, 0, 255)        - 'rider'                    - 0.00029019466378333284
(230, 0, 0)        - 'motorcycle'               - 0.0002823316110694899
(110, 0, 0)        - 'trailer'      **          - 0.000058482905122366766
(32, 11, 119)      - 'bicycle'                  - 0.00005228239786719245